<?xml version="1.0" encoding="UTF-8"?>
<!-- Generated by org.testng.reporters.JUnitReportReporter -->
<testsuite skipped="0" hostname="LAPTOP-3QC3HN03" name="com.CtechInfoSys.BEAirs.TestCase.LoginPageTCs" tests="2" failures="0" timestamp="20 Mar 2020 04:10:42 GMT" time="86.752" errors="0">
  <testcase name="LoginTestCase2" time="62.270" classname="com.CtechInfoSys.BEAirs.TestCase.LoginPageTCs"/>
  <testcase name="LoginTestCase1" time="24.482" classname="com.CtechInfoSys.BEAirs.TestCase.LoginPageTCs"/>
</testsuite> <!-- com.CtechInfoSys.BEAirs.TestCase.LoginPageTCs -->
