<?xml version="1.0" encoding="UTF-8"?>
<!-- Generated by org.testng.reporters.JUnitReportReporter -->
<testsuite skipped="0" hostname="LAPTOP-3QC3HN03" name="com.CtechInfoSys.BEAirs.PageObject.BELoginPage" tests="1" failures="0" timestamp="14 Mar 2020 19:56:53 GMT" time="0.022" errors="0">
  <testcase name="loginPage" time="0.022" classname="com.CtechInfoSys.BEAirs.PageObject.BELoginPage"/>
</testsuite> <!-- com.CtechInfoSys.BEAirs.PageObject.BELoginPage -->
